<?xml version="1.0" encoding="UTF-8"?>
<!-- Generated by org.testng.reporters.JUnitXMLReporter -->
<testsuite ignored="0" hostname="DESKTOP-QSE36RQ" failures="0" tests="13" name="Surefire test" time="19.269" errors="0" timestamp="2023-12-20T18:08:12 IST">
  <testcase classname="api.test.DataDrivenTests" name="testPostUser" time="3.004"/>
  <testcase classname="api.test.DataDrivenTests" name="testPostUser" time="1.166"/>
  <testcase classname="api.test.DataDrivenTests" name="testPostUser" time="1.151"/>
  <testcase classname="api.test.DataDrivenTests" name="testGetUserByName" time="1.131"/>
  <testcase classname="api.test.DataDrivenTests" name="testGetUserByName" time="1.086"/>
  <testcase classname="api.test.DataDrivenTests" name="testGetUserByName" time="1.148"/>
  <testcase classname="api.test.DataDrivenTests" name="testDeleteUserByName" time="1.089"/>
  <testcase classname="api.test.DataDrivenTests" name="testDeleteUserByName" time="1.143"/>
  <testcase classname="api.test.DataDrivenTests" name="testDeleteUserByName" time="1.084"/>
  <testcase classname="api.test.UserTests" name="testpostUser" time="1.189"/>
  <testcase classname="api.test.UserTests" name="testGetUserByName" time="1.149"/>
  <testcase classname="api.test.UserTests" name="testUpdateUserByName" time="2.301"/>
  <testcase classname="api.test.UserTests" name="testDeleteUserByName" time="1.213"/>
</testsuite> <!-- Surefire test -->
