<?xml version="1.0" encoding="UTF-8"?>
<!-- Generated by org.testng.reporters.JUnitXMLReporter -->
<testsuite ignored="0" hostname="DESKTOP-QSE36RQ" failures="0" tests="9" name="Default test" time="13.629" errors="0" timestamp="2023-12-20T13:12:25 IST">
  <testcase classname="api.test.DataDrivenTests" name="testPostUser" time="2.617"/>
  <testcase classname="api.test.DataDrivenTests" name="testPostUser" time="1.249"/>
  <testcase classname="api.test.DataDrivenTests" name="testPostUser" time="1.45"/>
  <testcase classname="api.test.DataDrivenTests" name="testGetUserByName" time="1.348"/>
  <testcase classname="api.test.DataDrivenTests" name="testGetUserByName" time="1.232"/>
  <testcase classname="api.test.DataDrivenTests" name="testGetUserByName" time="1.218"/>
  <testcase classname="api.test.DataDrivenTests" name="testDeleteUserByName" time="1.115"/>
  <testcase classname="api.test.DataDrivenTests" name="testDeleteUserByName" time="1.118"/>
  <testcase classname="api.test.DataDrivenTests" name="testDeleteUserByName" time="1.129"/>
</testsuite> <!-- Default test -->
