<?xml version="1.0" encoding="UTF-8"?>
<testng-results ignored="0" total="4" passed="4" failed="0" skipped="0">
  <reporter-output>
  </reporter-output>
  <suite started-at="2023-12-20T18:28:07 IST" name="PetSuite" finished-at="2023-12-20T18:28:15 IST" duration-ms="7992">
    <groups>
    </groups>
    <test started-at="2023-12-20T18:28:07 IST" name="PetTest" finished-at="2023-12-20T18:28:15 IST" duration-ms="7992">
      <class name="api.test.UserTestsWithProperties">
        <test-method is-config="true" signature="setupData()[pri:0, instance:api.test.UserTestsWithProperties@5d0bf09b]" started-at="2023-12-20T18:28:07 IST" name="setupData" finished-at="2023-12-20T18:28:08 IST" duration-ms="575" status="PASS">
          <reporter-output>
          </reporter-output>
        </test-method> <!-- setupData -->
        <test-method signature="testpostUser()[pri:1, instance:api.test.UserTestsWithProperties@5d0bf09b]" started-at="2023-12-20T18:28:08 IST" name="testpostUser" finished-at="2023-12-20T18:28:10 IST" duration-ms="2451" status="PASS">
          <reporter-output>
          </reporter-output>
        </test-method> <!-- testpostUser -->
        <test-method signature="testGetUserByName()[pri:2, instance:api.test.UserTestsWithProperties@5d0bf09b]" started-at="2023-12-20T18:28:10 IST" name="testGetUserByName" finished-at="2023-12-20T18:28:11 IST" duration-ms="1232" status="PASS">
          <reporter-output>
          </reporter-output>
        </test-method> <!-- testGetUserByName -->
        <test-method signature="testUpdateUserByName()[pri:3, instance:api.test.UserTestsWithProperties@5d0bf09b]" started-at="2023-12-20T18:28:11 IST" name="testUpdateUserByName" finished-at="2023-12-20T18:28:14 IST" duration-ms="2216" status="PASS">
          <reporter-output>
          </reporter-output>
        </test-method> <!-- testUpdateUserByName -->
        <test-method signature="testDeleteUserByName()[pri:4, instance:api.test.UserTestsWithProperties@5d0bf09b]" started-at="2023-12-20T18:28:14 IST" name="testDeleteUserByName" finished-at="2023-12-20T18:28:15 IST" duration-ms="1250" status="PASS">
          <reporter-output>
          </reporter-output>
        </test-method> <!-- testDeleteUserByName -->
      </class> <!-- api.test.UserTestsWithProperties -->
    </test> <!-- PetTest -->
  </suite> <!-- PetSuite -->
</testng-results>
