<?xml version="1.0" encoding="UTF-8"?>
<testsuite xmlns:xsi="http://www.w3.org/2001/XMLSchema-instance" xsi:noNamespaceSchemaLocation="https://maven.apache.org/surefire/maven-surefire-plugin/xsd/surefire-test-report-3.0.xsd" version="3.0" name="TestSuite" time="8.748" tests="4" errors="0" skipped="0" failures="0">
  <properties>
[...]
</properties>
  <testcase name="testpostUser" classname="api.test.UserTestsWithProperties" time="2.461">
    <system-out><![CDATA[HTTP/1.1 200 OK
Date: Wed, 20 Dec 2023 12:58:11 GMT
Content-Type: application/json
Transfer-Encoding: chunked
Connection: keep-alive
Access-Control-Allow-Origin: *
Access-Control-Allow-Methods: GET, POST, DELETE, PUT
Access-Control-Allow-Headers: Content-Type, api_key, Authorization
Server: Jetty(9.2.9.v20150224)

{
    "code": 200,
    "type": "unknown",
    "message": "888611662"
}
]]></system-out>
  </testcase>
  <testcase name="testGetUserByName" classname="api.test.UserTestsWithProperties" time="1.234">
    <system-out><![CDATA[HTTP/1.1 200 OK
Date: Wed, 20 Dec 2023 12:58:12 GMT
Content-Type: application/json
Transfer-Encoding: chunked
Connection: keep-alive
Access-Control-Allow-Origin: *
Access-Control-Allow-Methods: GET, POST, DELETE, PUT
Access-Control-Allow-Headers: Content-Type, api_key, Authorization
Server: Jetty(9.2.9.v20150224)

{
    "id": 888611662,
    "username": "noella.roob",
    "firstName": "Shenna",
    "lastName": "Langworth",
    "email": "sharie.kuhic@example.com",
    "password": "7d8962xfo",
    "phone": "900-209-1021",
    "userStatus": 0
}
]]></system-out>
  </testcase>
  <testcase name="testUpdateUserByName" classname="api.test.UserTestsWithProperties" time="2.217">
    <system-out><![CDATA[HTTP/1.1 200 OK
Date: Wed, 20 Dec 2023 12:58:13 GMT
Content-Type: application/json
Transfer-Encoding: chunked
Connection: keep-alive
Access-Control-Allow-Origin: *
Access-Control-Allow-Methods: GET, POST, DELETE, PUT
Access-Control-Allow-Headers: Content-Type, api_key, Authorization
Server: Jetty(9.2.9.v20150224)

{
    "code": 200,
    "type": "unknown",
    "message": "888611662"
}
{
    "code": 200,
    "type": "unknown",
    "message": "888611662"
}
]]></system-out>
  </testcase>
  <testcase name="testDeleteUserByName" classname="api.test.UserTestsWithProperties" time="1.251"/>
</testsuite>