<?xml version="1.0" encoding="UTF-8"?>
<testng-results ignored="0" total="4" passed="4" failed="0" skipped="0">
  <reporter-output>
  </reporter-output>
  <suite started-at="2023-12-20T17:57:28 IST" name="PetSuite" finished-at="2023-12-20T17:57:35 IST" duration-ms="7622">
    <groups>
    </groups>
    <test started-at="2023-12-20T17:57:28 IST" name="PetTest" finished-at="2023-12-20T17:57:35 IST" duration-ms="7622">
      <class name="api.test.UserTestsWithProperties">
        <test-method is-config="true" signature="setupData()[pri:0, instance:api.test.UserTestsWithProperties@f0c8a99]" started-at="2023-12-20T17:57:28 IST" name="setupData" finished-at="2023-12-20T17:57:29 IST" duration-ms="526" status="PASS">
          <reporter-output>
          </reporter-output>
        </test-method> <!-- setupData -->
        <test-method signature="testpostUser()[pri:1, instance:api.test.UserTestsWithProperties@f0c8a99]" started-at="2023-12-20T17:57:29 IST" name="testpostUser" finished-at="2023-12-20T17:57:31 IST" duration-ms="2321" status="PASS">
          <reporter-output>
          </reporter-output>
        </test-method> <!-- testpostUser -->
        <test-method signature="testGetUserByName()[pri:2, instance:api.test.UserTestsWithProperties@f0c8a99]" started-at="2023-12-20T17:57:31 IST" name="testGetUserByName" finished-at="2023-12-20T17:57:32 IST" duration-ms="1149" status="PASS">
          <reporter-output>
          </reporter-output>
        </test-method> <!-- testGetUserByName -->
        <test-method signature="testUpdateUserByName()[pri:3, instance:api.test.UserTestsWithProperties@f0c8a99]" started-at="2023-12-20T17:57:32 IST" name="testUpdateUserByName" finished-at="2023-12-20T17:57:34 IST" duration-ms="2298" status="PASS">
          <reporter-output>
          </reporter-output>
        </test-method> <!-- testUpdateUserByName -->
        <test-method signature="testDeleteUserByName()[pri:4, instance:api.test.UserTestsWithProperties@f0c8a99]" started-at="2023-12-20T17:57:34 IST" name="testDeleteUserByName" finished-at="2023-12-20T17:57:35 IST" duration-ms="1117" status="PASS">
          <reporter-output>
          </reporter-output>
        </test-method> <!-- testDeleteUserByName -->
      </class> <!-- api.test.UserTestsWithProperties -->
    </test> <!-- PetTest -->
  </suite> <!-- PetSuite -->
</testng-results>
