<?xml version="1.0" encoding="UTF-8"?>
<!-- Generated by org.testng.reporters.JUnitXMLReporter -->
<testsuite ignored="0" hostname="DESKTOP-QSE36RQ" failures="0" tests="4" name="PetTest" time="7.992" errors="0" timestamp="2023-12-20T18:28:15 IST">
  <testcase classname="api.test.UserTestsWithProperties" name="testpostUser" time="2.451"/>
  <testcase classname="api.test.UserTestsWithProperties" name="testGetUserByName" time="1.232"/>
  <testcase classname="api.test.UserTestsWithProperties" name="testUpdateUserByName" time="2.216"/>
  <testcase classname="api.test.UserTestsWithProperties" name="testDeleteUserByName" time="1.25"/>
</testsuite> <!-- PetTest -->
