<?xml version="1.0" encoding="UTF-8"?>
<!-- Generated by org.testng.reporters.JUnitXMLReporter -->
<testsuite ignored="0" hostname="DESKTOP-QSE36RQ" failures="0" tests="4" name="PetTest" time="7.622" errors="0" timestamp="2023-12-20T17:57:36 IST">
  <testcase classname="api.test.UserTestsWithProperties" name="testpostUser" time="2.321"/>
  <testcase classname="api.test.UserTestsWithProperties" name="testGetUserByName" time="1.149"/>
  <testcase classname="api.test.UserTestsWithProperties" name="testUpdateUserByName" time="2.298"/>
  <testcase classname="api.test.UserTestsWithProperties" name="testDeleteUserByName" time="1.117"/>
</testsuite> <!-- PetTest -->
